Correspondence found for: Q8BU14
Correspondence found for: Q9JLJ0
Correspondence found for: Q8C797
Correspondence found for: Q3UNF2
Correspondence found for: Q04998
Correspondence found for: Q9CQE3
Correspondence found for: Q3TXG2
Correspondence found for: Q3TXH6
Correspondence found for: A2AGT6
Correspondence found for: Q8CC88
Correspondence found for: Q99L58
Correspondence found for: Q03404
Correspondence found for: Q80VN5
Correspondence found for: A2AUL9
Correspondence found for: Q9JL98
Correspondence found for: Q499K8
Correspondence found for: Q9CZS2
Correspondence found for: Q61816
Correspondence found for: P27703
Correspondence found for: Q3V1U6
Correspondence found for: B1ARI7
Correspondence found for: Q63959
Correspondence found for: Q9NWG9
Correspondence found for: P82293
Correspondence found for: P10076
Correspondence found for: Q2XV35
Correspondence found for: Q8K388
Correspondence found for: Q70LU7
Correspondence found for: Q9Z1L2
Correspondence found for: Q91WX6
Correspondence found for: Q8BIR9
Correspondence found for: Q8CDH5
Correspondence found for: Q8K095
Correspondence found for: O08533
Correspondence found for: B2KGE4
Correspondence found for: Q9JJ28
Correspondence found for: A2AUM2
Correspondence found for: Q9JLB4
Correspondence found for: Q8K4G4
Correspondence found for: Q3UIP1
Correspondence found for: Q8BGY5
Correspondence found for: Q3UP03
Correspondence found for: Q99L64
Correspondence found for: Q8BMH0
Correspondence found for: A3KFV2
Correspondence found for: Q3TPX9
Correspondence found for: Q61531
Correspondence found for: Q9D5B9
Correspondence found for: Q8BLX7
Correspondence found for: Q3UK38
Correspondence found for: Q8R0R2
Correspondence found for: P11627
Correspondence found for: Q8BUP4
Correspondence found for: A6PW74
Correspondence found for: P21729
Correspondence found for: Q8BSC8
Correspondence found for: Q8BKZ6
Correspondence found for: Q3UIJ9
Correspondence found for: Q6WXQ1
Correspondence found for: P70347
Correspondence found for: Q68VH1
Correspondence found for: Q9DA79
Correspondence found for: Q8VDQ4
Correspondence found for: Q3TCY2
Correspondence found for: Q8BLD2
Correspondence found for: Q9JJQ1
Correspondence found for: P23804
Correspondence found for: Q8BZ78
Correspondence found for: Q8BMA3
Correspondence found for: O54833
Correspondence found for: Q924M4
Correspondence found for: Q812D2
Correspondence found for: Q61651
Correspondence found for: P50707
Correspondence found for: Q8BR53
Correspondence found for: Q3UGH7
Correspondence found for: Q9CTV2
Correspondence found for: Q3UKF9
Correspondence found for: Q4G0B8
Correspondence found for: Q8BXR2
Correspondence found for: Q8CIF9
Correspondence found for: Q9D6K7
Correspondence found for: Q62139
Correspondence found for: Q544H0
Correspondence found for: Q8BN06
Correspondence found for: Q60520
Correspondence found for: Q8C2D4
Correspondence found for: C0KL25
Correspondence found for: Q7TNT9
Correspondence found for: Q8BY63
Correspondence found for: Q80ZN4
Correspondence found for: Q80V57
Correspondence found for: O89002
Correspondence found for: Q8C3C9
Correspondence found for: Q61436
Correspondence found for: Q8VD71
Correspondence found for: Q3UUL4
Correspondence found for: Q9CV94
Correspondence found for: Q8BN60
Correspondence found for: Q9QUG9
Correspondence found for: Q8BPA6
Correspondence found for: Q8CBX4
Correspondence found for: Q924W5
Correspondence found for: O70125
Correspondence found for: Q91VE5
Correspondence found for: Q91V47
Correspondence found for: Q3TQD0
Correspondence found for: Q9JJX5
Correspondence found for: Q9R079
Correspondence found for: Q9JI79
Correspondence found for: O08532
Correspondence found for: Q7TN83
Correspondence found for: Q9CUS1
Correspondence found for: Q5M9P3
Correspondence found for: Q9QYF1
Correspondence found for: Q3UYN1
Correspondence found for: Q5ND22
Correspondence found for: Q8C632
Correspondence found for: Q80U79
Correspondence found for: Q8BX07
Correspondence found for: Q3URV2
Correspondence found for: Q91XH4
Correspondence found for: P50708
Correspondence found for: Q3UDY6
Correspondence found for: Q8BI79
Correspondence found for: B2RUR7
Correspondence found for: Q14B96
Correspondence found for: Q8C2M4
Correspondence found for: Q3UZ92
Correspondence found for: Q3TM08
Correspondence found for: Q543Y6
Correspondence found for: Q920V3
Correspondence found for: Q9CZV7
Correspondence found for: Q8C4W3
Correspondence found for: Q3UNB2
Correspondence found for: Q8BI54
Correspondence found for: Q0P542
Correspondence found for: O35310
Correspondence found for: Q62042
Correspondence found for: Q5U463
Correspondence found for: Q8BHC0
Correspondence found for: Q8C044
Correspondence found for: Q6P5A8
Correspondence found for: Q3UYN5
Correspondence found for: Q8BJ68
Correspondence found for: Q14BP9
Correspondence found for: Q9WU80
Correspondence found for: Q3TP61
Correspondence found for: Q3UTA8
Correspondence found for: Q69Z77
Correspondence found for: Q91WQ8
Correspondence found for: O08920
Correspondence found for: Q3UDH4
Correspondence found for: Q9CWK3
Correspondence found for: Q9QXN5
Correspondence found for: Q8CFH0
Correspondence found for: Q8VEH3
Correspondence found for: Q6B8I0
Correspondence found for: Q05DI0
Correspondence found for: Q499E1
Correspondence found for: Q8CDR3
Correspondence found for: Q7TSZ2
Correspondence found for: Q91WZ8
Correspondence found for: Q99PB0
Correspondence found for: Q62088
Correspondence found for: Q8BNS7
Correspondence found for: Q924W4
Correspondence found for: Q63844
Correspondence found for: Q8VEE0
Correspondence found for: P97502
Correspondence found for: Q3V391
Correspondence found for: Q8CAZ1
Correspondence found for: Q9R1R8
Correspondence found for: Q61990
Correspondence found for: B2RUA8
Correspondence found for: B2RRC4
Correspondence found for: A2AMI7
Correspondence found for: Q91VE9
Correspondence found for: Q8CC64
Correspondence found for: Q99NE6
Correspondence found for: B2RWT4
Correspondence found for: Q99KJ0
Correspondence found for: Q5ICG6
Correspondence found for: Q9DCK0
Correspondence found for: Q3TML9
Correspondence found for: Q8VCU3
Correspondence found for: Q8BNQ3
Correspondence found for: Q6KAP0
Correspondence found for: Q8BJY3
Correspondence found for: Q9QXG4
Correspondence found for: Q9D8M3
Correspondence found for: Q3UWU0
Correspondence found for: A2AUU3
Correspondence found for: O09004
Correspondence found for: O54860
Correspondence found for: A2AUM0
Correspondence found for: Q3TPR0
Correspondence found for: Q9ESB7
Correspondence found for: Q8BI59
Correspondence found for: Q3UW83
Correspondence found for: Q14BH8
Correspondence found for: Q3UR72
Correspondence found for: Q3TUC1
Correspondence found for: Q8BK13
Correspondence found for: Q9JMG1
Correspondence found for: Q61654
Correspondence found for: Q8C039
Correspondence found for: Q3V081
Correspondence found for: Q5DTN2
Correspondence found for: Q3UXL9
Correspondence found for: Q6P556
Correspondence found for: Q8CFK1
Correspondence found for: P50705
Correspondence found for: Q3UCX4
Correspondence found for: P63085
Correspondence found for: Q8C9Q4
Correspondence found for: P97737
Correspondence found for: Q01341
Correspondence found for: A2AJH3
Correspondence found for: Q8BYY6
Correspondence found for: Q9CSK7
Correspondence found for: Q8BVR6
Correspondence found for: A4FUQ0
Correspondence found for: P01731
Correspondence found for: A2AJ40
Correspondence found for: A2AB79
Correspondence found for: Q9JIW4
Correspondence found for: Q8BUT0
Correspondence found for: Q3U0Z5
Correspondence found for: B2RUR4
Correspondence found for: Q9CS61
Correspondence found for: A2AUU0
Correspondence found for: Q3U6Q7
Correspondence found for: Q8CAX3
Correspondence found for: Q3TPV3
Correspondence found for: Q9DBD7
Correspondence found for: A2ABX5
Correspondence found for: Q70LU4
Correspondence found for: A3KFV7
Correspondence found for: Q9CY43
Correspondence found for: A2AM82
Correspondence found for: Q8BZR4
Correspondence found for: Q8C5J1
Correspondence found for: A2VDH7
Correspondence found for: Q05BS9
Correspondence found for: Q8K124
Correspondence found for: O88246
Correspondence found for: Q8C3F9
Correspondence found for: Q921G6
Correspondence found for: O09143
Correspondence found for: Q61040
Correspondence found for: Q5K2P8
Correspondence found for: Q8CA70
Correspondence found for: Q3U6X4
Correspondence found for: Q91WC3
Correspondence found for: Q3TZL1
Correspondence found for: Q3TJX5
Correspondence found for: P97490
Correspondence found for: P97747
Correspondence found for: A2AS55
Correspondence found for: Q8VCR8
Correspondence found for: Q70LU3
Correspondence found for: Q8K2M2
Correspondence found for: Q80ZF1
Correspondence found for: Q8VE55
Correspondence found for: Q9CRY0
Correspondence found for: B8JK44
Correspondence found for: Q3UYK4
Correspondence found for: P60191
Correspondence found for: Q8C141
Correspondence found for: P50712
Correspondence found for: Q6P8V7
Correspondence found for: A2AL18
Correspondence found for: Q3UK94
Correspondence found for: Q3TU98
Correspondence found for: Q8K2K0
Correspondence found for: Q70LV0
Correspondence found for: Q6PGM6
Correspondence found for: P30728
Correspondence found for: Q7TNW3
Correspondence found for: Q8CHP0
Correspondence found for: Q9DB95
Correspondence found for: Q9CZZ5
Correspondence found for: Q8VHM4
Correspondence found for: Q8BQR8
Correspondence found for: Q8BVZ3
Correspondence found for: Q811J6
Correspondence found for: O19454
Correspondence found for: P35550
Correspondence found for: Q8CB08
Correspondence found for: Q58L65
Correspondence found for: Q9CVX1
Correspondence found for: Q9D3Q2
Correspondence found for: Q3U4B1
Correspondence found for: Q9CTI2
Correspondence found for: Q8CEL6
Correspondence found for: Q9DAS4
Correspondence found for: Q3U9V1
Correspondence found for: A2A5N0
Correspondence found for: Q8CE24
Correspondence found for: Q9CWI4
Correspondence found for: Q3U1T9
Correspondence found for: Q3UDM8
Correspondence found for: Q499W6
Correspondence found for: O35681
Correspondence found for: Q8BJ41
Correspondence found for: O08902
Correspondence found for: Q3U9P0
Correspondence found for: Q9CY80
Correspondence found for: A2ACD2
Correspondence found for: Q80XE1
Correspondence found for: Q3UVM4
Correspondence found for: Q8C9Q6
Correspondence found for: Q3TCM5
Correspondence found for: P70171
Correspondence found for: Q8CES6
Correspondence found for: Q80ZV3
Correspondence found for: Q99NE4
Correspondence found for: Q69ZP1
Correspondence found for: Q2VPC9
Correspondence found for: Q3UPX0
Correspondence found for: Q3UP23
Correspondence found for: Q95HC3
Correspondence found for: Q8VI44
Correspondence found for: Q8C5S0
Correspondence found for: Q3V075
Correspondence found for: Q69Z95
Correspondence found for: Q7TPR8
Correspondence found for: Q3UDM1
Correspondence found for: Q8BQB6
Correspondence found for: A2AL19
Correspondence found for: A0AUN3
Correspondence found for: A2A8R5
Correspondence found for: Q80U86
Correspondence found for: Q8JZW8
Correspondence found for: B2RXZ9
Correspondence found for: Q8CIH0
Correspondence found for: A2AJA5
Correspondence found for: Q3ULV2
Correspondence found for: Q69ZP6
Correspondence found for: Q5ICG4
Correspondence found for: Q6ZPG8
Correspondence found for: A6PWP4
Correspondence found for: Q9D1P8
Correspondence found for: Q61383
Correspondence found for: Q8C7Q9
Correspondence found for: P30545
Correspondence found for: Q6PDS0
Correspondence found for: Q6PFX9
Correspondence found for: Q8C2L1
Correspondence found for: Q3UM29
Correspondence found for: Q6PCN9
Correspondence found for: Q5M9K7
Correspondence found for: Q3UD50
Correspondence found for: Q3TQX5
Correspondence found for: Q27QV3
Correspondence found for: Q6VSV2
Correspondence found for: Q9CUA9
Correspondence found for: Q99KI7
Correspondence found for: P06467
Correspondence found for: A3KFV1
Correspondence found for: Q3TM35
Correspondence found for: Q9ESC9
Correspondence found for: Q3ULK1
Correspondence found for: Q8K4G5
Correspondence found for: Q6S5J6
Correspondence found for: B2KGE9
Correspondence found for: Q9ESB8
Correspondence found for: Q9EPY2
Correspondence found for: Q6NXM1
Correspondence found for: P02831
Correspondence found for: P08905
Correspondence found for: Q3UIR7
Correspondence found for: Q8BRN9
Correspondence found for: Q91Z30
Correspondence found for: Q8CF49
Correspondence found for: O19475
Correspondence found for: P09900
Correspondence found for: Q9CY23
Correspondence found for: O35379
Correspondence found for: Q62140
Correspondence found for: A2AHZ5
Correspondence found for: Q3TR36
Correspondence found for: Q1RLK6
Correspondence found for: Q8VDK9
Correspondence found for: Q8R0T4
Correspondence found for: Q5M9J4
Correspondence found for: Q9CZX8
Correspondence found for: Q9EQC6
Correspondence found for: Q06348
Correspondence found for: Q99PH4
Correspondence found for: Q8BFU9
Correspondence found for: Q91Y36
Correspondence found for: Q8CIF5
Correspondence found for: Q3MI48
Correspondence found for: Q91YE6
Correspondence found for: Q8BYJ0
Correspondence found for: Q9ERH0
Correspondence found for: Q9JHI5
Correspondence found for: O54905
Correspondence found for: A2AL17
Correspondence found for: Q924M3
Correspondence found for: Q66X01
Correspondence found for: Q6DI78
Correspondence found for: Q3UXL8
Correspondence found for: Q3USW0
Correspondence found for: Q3UVX5
Correspondence found for: Q4VAE7
Correspondence found for: Q3UFF6
Correspondence found for: Q9D2E1
Correspondence found for: Q8BVG1
Correspondence found for: A3KMM7
Correspondence found for: Q4FCR9
Correspondence found for: Q91XK7
Correspondence found for: Q149F1
Correspondence found for: Q9WVG7
Correspondence found for: Q80VY1
Correspondence found for: P58137
Correspondence found for: Q9D1B5
Correspondence found for: A8IP90
Correspondence found for: Q3U4R9
Correspondence found for: Q9D755
Correspondence found for: Q6GQV5
Correspondence found for: Q80X78
Correspondence found for: Q8BLQ0
Correspondence found for: Q9CQR7
Correspondence found for: Q9JJX6
Correspondence found for: Q149T4
Correspondence found for: P50704
Correspondence found for: Q9JM61
Correspondence found for: Q0VGR0
Correspondence found for: Q3UUL0
Correspondence found for: Q8VCM5
Correspondence found for: Q6ZPN5
Correspondence found for: Q9Z2Y8
Correspondence found for: Q6ZQL1
Correspondence found for: Q3T9U4
Correspondence found for: Q80ZT0
Correspondence found for: Q8CE00
Correspondence found for: B2RWX6
Correspondence found for: Q5S8D0
Correspondence found for: Q9ESG4
Correspondence found for: Q8R0B7
Correspondence found for: Q9Z256
Correspondence found for: A3KFV8
Correspondence found for: Q923H4
Correspondence found for: Q9D6L8
Correspondence found for: A2AM84
Correspondence found for: Q64109
Correspondence found for: Q8R3B3
Correspondence found for: Q3U2I3
Correspondence found for: Q3U7B5
Correspondence found for: Q921I0
Correspondence found for: O08534
Correspondence found for: Q8BK97
Correspondence found for: P97791
Correspondence found for: Q8BPG6
Correspondence found for: Q920V4
Correspondence found for: Q8BPT3
Correspondence found for: Q8C1A8
Correspondence found for: Q9EPW6
Correspondence found for: A3KFV3
Correspondence found for: Q8K4G3
Correspondence found for: Q80T47
Correspondence found for: P82294
Correspondence found for: Q6PGJ3
Correspondence found for: Q3TT81
Correspondence found for: Q5PPR1
Correspondence found for: Q3T983
Correspondence found for: Q8BVH8
Correspondence found for: B7ZMP7
Correspondence found for: B1AX10
Correspondence found for: A4QMV0
Correspondence found for: Q3TNB4
Correspondence found for: A6H6Q4
Correspondence found for: Q4VA56
Correspondence found for: P50711
Correspondence found for: Q6NY05
Correspondence found for: Q8C2D3
Correspondence found for: Q8C028
Correspondence found for: Q69ZB2
Correspondence found for: Q3TMS3
Correspondence found for: Q2L9A9
Correspondence found for: Q9QZ25
Correspondence found for: Q9WTM3
Correspondence found for: Q9CTB0
Correspondence found for: Q9QYS6
Correspondence found for: Q99LZ8
Correspondence found for: Q3UJ60
Correspondence found for: Q8C6X8
Correspondence found for: Q64016
Correspondence found for: Q3T9W5
Correspondence found for: B2RT00
Correspondence found for: P61249
Correspondence found for: Q4FCS0
Correspondence found for: Q3T9K3
Correspondence found for: Q9ES35
Correspondence found for: O88604
Correspondence found for: Q3T9D8
Correspondence found for: Q3MI15
Correspondence found for: Q3TF69
Correspondence found for: Q3TR20
Correspondence found for: P51669
Correspondence found for: Q3UYP0
Correspondence found for: Q8K1B9
Correspondence found for: Q570Z7
Correspondence found for: O35558
Correspondence found for: Q0VEC4
Correspondence found for: Q9QYJ7
Correspondence found for: Q61448
Correspondence found for: Q7TN90
Correspondence found for: Q9QYM1
Correspondence found for: Q3TUY1
Correspondence found for: B2RT16
Correspondence found for: Q3U5Q2
Correspondence found for: Q99L47
Correspondence found for: Q80WV1
Correspondence found for: A2AUM1
Correspondence found for: Q6GQT4
Correspondence found for: Q4FJT4
Correspondence found for: Q922M3
Correspondence found for: Q9ES29
Correspondence found for: Q3U3N7
Correspondence found for: P59511
Correspondence found for: O54983
Correspondence found for: Q8C9E4
Correspondence found for: Q542K6
Correspondence found for: P62838
Correspondence found for: Q8VCZ2
Correspondence found for: Q3U8D2
Correspondence found for: Q9CUC5
Correspondence found for: Q9WV07
Correspondence found for: Q3TVL4
Correspondence found for: Q62505
Correspondence found for: Q91WA4
Correspondence found for: Q3TWR3
Correspondence found for: A2A7Y5
Correspondence found for: O88247
Correspondence found for: Q3UDS2
Correspondence found for: Q3U3L7
Correspondence found for: Q59J91
Correspondence found for: A2AUM4
Correspondence found for: Q3USH4
Correspondence found for: P51942
Correspondence found for: Q69ZG4
Correspondence found for: Q91VF4
Correspondence found for: Q61178
Correspondence found for: Q8K1Z4
Correspondence found for: Q8BVW1
Correspondence found for: Q80ZX4
Correspondence found for: Q504N3
Correspondence found for: Q3T9F1
Correspondence found for: Q9D1Y6
Correspondence found for: P28309
Correspondence found for: Q9WUK8
Correspondence found for: Q8C113
Correspondence found for: Q544R1
Correspondence found for: Q3U4A3
Correspondence found for: Q8CDH8
Correspondence found for: Q05BZ2
Correspondence found for: P47740
Correspondence found for: Q8C6J9
Correspondence found for: Q497T2
Correspondence found for: Q3TAG9
Correspondence found for: A3KFV5
Correspondence found for: Q8CCJ8
Correspondence found for: Q2XV36
Correspondence found for: Q9JJX4
Correspondence found for: Q61586
Correspondence found for: A2APB9
Correspondence found for: Q05CQ4
Correspondence found for: Q8BRD0
Correspondence found for: Q8VHB2
Correspondence found for: Q3TTJ5
Correspondence found for: Q80ZT1
Correspondence found for: Q3TZU3
Correspondence found for: Q70LV1
Correspondence found for: Q9R1R9
Correspondence found for: Q6P6A2
Correspondence found for: Q69ZS2
Correspondence found for: A2A442
Correspondence found for: Q569X0
Correspondence found for: Q9EQ71
Correspondence found for: Q3UBP8
Correspondence found for: Q91YW5
Correspondence found for: Q80WC0
Correspondence found for: Q9DA25
Correspondence found for: Q8R2M6
Correspondence found for: Q9JM86
Correspondence found for: Q3U690
Correspondence found for: A2AMI2
Correspondence found for: Q02614
Correspondence found for: Q14DV8
Correspondence found for: Q7TMT9
Correspondence found for: Q8N9U3
Correspondence found for: Q3TFN0
Correspondence found for: Q0VER9
Correspondence found for: Q8HWL1
Correspondence found for: Q6ZQK2
Correspondence found for: Q8BH18
Correspondence found for: Q3UY39
Correspondence found for: Q05DA2
Correspondence found for: Q8K0X5
Correspondence found for: Q9QYY7
Correspondence found for: Q3U1S3
Correspondence found for: P97508
Correspondence found for: Q0VEC9
Correspondence found for: Q9CXU7
Correspondence found for: O70311
Correspondence found for: Q3U1T6
Correspondence found for: Q80XI3
Correspondence found for: Q6PEN9
Correspondence found for: Q921V5
Correspondence found for: Q91XU2
Correspondence found for: Q80Y19
Correspondence found for: Q3UVS7
Correspondence found for: Q70LU6
Correspondence found for: Q5EBQ9
Correspondence found for: Q3TNA1
Correspondence found for: Q9EPS6
Correspondence found for: Q8CAI4
Correspondence found for: Q8BHF2
Correspondence found for: Q7TPU8
Correspondence found for: Q68EF9
Correspondence found for: Q6P6P7
Correspondence found for: Q3UGW0
Correspondence found for: Q3V0R4
Correspondence found for: Q9CPU6
Correspondence found for: Q8BX62
Correspondence found for: Q4FJM4
Correspondence found for: Q9D0U5
Correspondence found for: Q9DA94
Correspondence found for: Q3UUV7
Correspondence found for: B2BH30
Correspondence found for: Q6PB55
Correspondence found for: O08535
Correspondence found for: Q8BXL2
Correspondence found for: Q8BI69
Correspondence found for: Q62447
Correspondence found for: P01898
Correspondence found for: B1AT82
Correspondence found for: Q8K381
Correspondence found for: Q05BN1
Correspondence found for: Q91V19
Correspondence found for: Q8C991
Correspondence found for: A3KFV4
Correspondence found for: P21126
Correspondence found for: A2AFG8
Correspondence found for: Q80Y69
Correspondence found for: O08913
Correspondence found for: B1ARJ6
Correspondence found for: Q9CZ54
Correspondence found for: Q80TQ7
Correspondence found for: Q3U2P5
Correspondence found for: O09060
Correspondence found for: Q922Y8
Correspondence found for: Q6NX81
Correspondence found for: Q8BH84
Correspondence found for: Q02384
Correspondence found for: Q9ESS2
Correspondence found for: Q8R1X1
Correspondence found for: Q9DCR5
Correspondence found for: Q8C0T4
Correspondence found for: Q3TAG5
Correspondence found for: Q6NZB6
Correspondence found for: Q9Z1D1
Correspondence found for: Q3UQ30
Correspondence found for: Q69ZB8
Correspondence found for: Q9D9Z8
Correspondence found for: Q01965
Correspondence found for: Q8BH19
Correspondence found for: Q8BGZ3
Correspondence found for: O35464
Correspondence found for: Q8BN94
Correspondence found for: Q8VHE8
Correspondence found for: Q3T9H3
Correspondence found for: Q545T4
Correspondence found for: Q684Q9
Correspondence found for: Q3UXM9
Correspondence found for: Q8R156
Correspondence found for: Q4V9Z8
Correspondence found for: Q497R2
Correspondence found for: Q8BMG8
Correspondence found for: Q9D471
Correspondence found for: Q8BQ93
Correspondence found for: Q3THN8
Correspondence found for: A2AFG7
Correspondence found for: Q8VE00
Correspondence found for: Q8R140
Correspondence found for: A7MCU6
Correspondence found for: Q80ZX0
Correspondence found for: Q8K0B7
Correspondence found for: Q99PH3
Correspondence found for: Q9JKF1
Correspondence found for: Q9DA09
Correspondence found for: Q3U4R2
Correspondence found for: Q6PE07
Correspondence found for: Q6PFZ1
Correspondence found for: Q8BXZ7
Correspondence found for: Q3UHB1
Correspondence found for: Q3TDK4
Correspondence found for: Q9QYQ7
Correspondence found for: Q9CYI3
Correspondence found for: Q3THR4
Correspondence found for: Q8BY91
Correspondence found for: Q61197
Correspondence found for: Q05C26
Correspondence found for: Q8VDY2
Correspondence found for: Q3TBY6
Correspondence found for: O54984
Correspondence found for: Q03265
Correspondence found for: Q8BWH1
Correspondence found for: Q62346
Correspondence found for: Q925K7
Correspondence found for: A2AR76
Correspondence found for: Q149T3
Correspondence found for: Q8CDT3
Correspondence found for: Q8CHL1
Correspondence found for: Q5XKQ9
Correspondence found for: Q8C032
Correspondence found for: Q70LU8
Correspondence found for: Q497N4
Correspondence found for: Q8BPF9
Correspondence found for: Q53X20
Correspondence found for: Q8BYG3
Correspondence found for: Q8QZZ7
Correspondence found for: Q8C1F2
Correspondence found for: Q8C994
Correspondence found for: Q3UJ95
Correspondence found for: P50715
Correspondence found for: Q9DBH4
Correspondence found for: Q9CT30
Correspondence found for: Q8BK88
Correspondence found for: Q5NCI3
Correspondence found for: Q91ZK0
Correspondence found for: Q8C2Q0
Correspondence found for: Q8VIG5
Correspondence found for: Q8BM01
Correspondence found for: B9EJX9
Correspondence found for: Q5ICG5
Correspondence found for: Q9WUZ4
Correspondence found for: Q8K0V6
Correspondence found for: P28310
Correspondence found for: A2AMI6
Correspondence found for: Q8BQF3
Correspondence found for: Q9ESQ2
Correspondence found for: P50710
Correspondence found for: Q3U882
Correspondence found for: A2AFG6
Correspondence found for: Q8BX65
Correspondence found for: Q9DC37
Correspondence found for: Q545V8
Correspondence found for: Q3V486
Correspondence found for: Q8K2A2
Correspondence found for: A5D6P3
Correspondence found for: Q3TR56
Correspondence found for: Q9JJX3
Correspondence found for: Q3URF3
Correspondence found for: Q3U2H3
Correspondence found for: Q0VDW5
Correspondence found for: Q3UM21
Correspondence found for: Q3TU06
Correspondence found for: Q8R0U8
Correspondence found for: Q8C218
Correspondence found for: A6H5X0
Correspondence found for: Q3TM59
Correspondence found for: P50706
Correspondence found for: Q922X7
Correspondence found for: Q7TPN1
Correspondence found for: Q8C7V6
Correspondence found for: Q8VDJ5
Correspondence found for: Q8CAS3
Correspondence found for: Q60616
Correspondence found for: A2AFL0
Correspondence found for: A2A443
Correspondence found for: Q3UKU3
Correspondence found for: Q3U802
Correspondence found for: Q2T9H5
Correspondence found for: Q8CFZ8
Correspondence found for: B2RVK6
Correspondence found for: Q9JL41
Correspondence found for: Q6ZPF1
Correspondence found for: Q8VCT2
Correspondence found for: Q684Q2
Correspondence found for: Q8CER7
Correspondence found for: Q4VBG4
Correspondence found for: Q31214
Correspondence found for: Q9R1R6
Correspondence found for: Q9JJL3
Correspondence found for: Q8R034
Correspondence found for: Q3U4P9
Correspondence found for: Q8BGF3
Correspondence found for: O88587
Correspondence found for: Q8C130
Correspondence found for: Q3TGW8
Correspondence found for: Q80T93
Correspondence found for: Q3THA0
Correspondence found for: Q8QZV5
Correspondence found for: Q9R0P3
Correspondence found for: A9L8S9
Correspondence found for: Q5PRE8
Correspondence found for: Q3UFI5
Correspondence found for: Q9D072
Correspondence found for: Q8VE78
Correspondence found for: Q8C6Y3
Correspondence found for: Q62167
Correspondence found for: B2RRN5
Correspondence found for: Q3TGQ2
Correspondence found for: Q7TN89
Correspondence found for: P63325
Correspondence found for: P17426
Correspondence found for: A2AGT5
Correspondence found for: Q9EPB8
Correspondence found for: Q6UTW8
Correspondence found for: Q8CDW9
Correspondence found for: Q9R1L3
Correspondence found for: Q8BPX9
Correspondence found for: Q62348
Correspondence found for: Q9CZ47
Correspondence found for: Q9WUN9
Correspondence found for: Q5G866
Correspondence found for: B2RVY9
Correspondence found for: A2AER3
Correspondence found for: Q60912
Correspondence found for: P50713
Correspondence found for: Q6P8I1
Correspondence found for: Q9D119
Correspondence found for: O08536
Correspondence found for: Q9JKX8
Correspondence found for: Q8BVJ3
Correspondence found for: Q8R4Y2
Correspondence found for: Q5F2D0
Correspondence found for: Q9DCV9
Correspondence found for: Q5G865
Correspondence found for: Q3ULL8
Correspondence found for: Q8K278
Correspondence found for: Q7TMH1
Correspondence found for: B2RY71
Correspondence found for: Q53WV4
Correspondence found for: P97470
Correspondence found for: Q60965
Correspondence found for: Q9D5N6
Correspondence found for: Q9D2L5
Correspondence found for: Q3TSQ6
Correspondence found for: Q6ZQ94
Correspondence found for: Q3TWF5
Correspondence found for: Q8CFF8
Correspondence found for: Q5SUQ0
Correspondence found for: Q3UF82
Correspondence found for: Q5U4C0
Correspondence found for: Q8BK29
Correspondence found for: Q05AC5
Correspondence found for: Q9BSB5
Correspondence found for: A2AR78
Correspondence found for: Q3U965
Correspondence found for: Q3UUN2
Correspondence found for: Q62421
Correspondence found for: Q0V926
Correspondence found for: Q9R1R5
Correspondence found for: P33172
Correspondence found for: Q9JHD9
Correspondence found for: Q8CGH5
Correspondence found for: Q9D5K0
Correspondence found for: Q925E7
Correspondence found for: Q3UT95
Correspondence found for: Q8C3V9
Correspondence found for: Q80U07
Correspondence found for: Q3UZH4
Correspondence found for: Q3TWK1
Correspondence found for: Q99J25
Correspondence found for: Q14DQ9
Correspondence found for: Q9D5Q3
Correspondence found for: Q3TAQ4
Correspondence found for: Q3U5X7
Correspondence found for: Q66JV3
Correspondence found for: Q925V0
Correspondence found for: Q6P238
Correspondence found for: Q63ZW6
Correspondence found for: Q64330
Correspondence found for: A0PJ77
Correspondence found for: Q8C4J2
Correspondence found for: P41971
Correspondence found for: Q9CQZ3
Correspondence found for: B2RR66
Correspondence found for: Q8K1S6
Correspondence found for: Q5G864
Correspondence found for: Q8K4G2
Correspondence found for: Q9CUV9
Correspondence found for: Q9DBZ1
Correspondence found for: Q8BI34
Correspondence found for: Q5RL51
Correspondence found for: Q3TXN3
Correspondence found for: A2APZ7
Correspondence found for: Q692V2
Correspondence found for: A2A9A2
Correspondence found for: Q3UT86
Correspondence found for: A2A8R6
Correspondence found for: A2AFG5
Correspondence found for: Q925K6
Correspondence found for: A2AER4
Correspondence found for: Q8BUI6
Correspondence found for: Q62537
Correspondence found for: Q059S0
Correspondence found for: Q8R209
Correspondence found for: A2AMI3
Correspondence found for: Q9EP63
Correspondence found for: A2AUM3
Correspondence found for: Q80UW7
Correspondence found for: Q91W17
Correspondence found for: Q5DTI1
Correspondence found for: Q5I042
Correspondence found for: A6H648
Correspondence found for: Q9EQI0
Correspondence found for: Q8BJS3
Correspondence found for: Q8C6Q3
Correspondence found for: A2AHZ4
Correspondence found for: Q91VZ4
Correspondence found for: A3KGG9
Correspondence found for: Q61840
Correspondence found for: Q9D169
Correspondence found for: Q99KS1
Correspondence found for: Q8BND2
Correspondence found for: P70165
Correspondence found for: Q9D6B2
Correspondence found for: Q499K7
Correspondence found for: Q3UU69
Correspondence found for: A2AB81
Correspondence found for: P56371
Correspondence found for: Q9CUN0
Correspondence found for: A6H6E9
Correspondence found for: Q8C1Y4
Correspondence found for: Q8C0N2
Correspondence found for: Q70LU5
Correspondence found for: Q6P543
Correspondence found for: Q3TPD2
Correspondence found for: Q99JR8
Correspondence found for: Q8CIK3
Correspondence found for: B5M498
Correspondence found for: Q8VEI6
Correspondence found for: Q66X16
Correspondence found for: P50709
Correspondence found for: Q8VDU5
Correspondence found for: Q3TPX8
Correspondence found for: Q8CBQ5
Correspondence found for: Q3TS80
Correspondence found for: Q9D0D4
Correspondence found for: Q9JKQ5
Correspondence found for: Q3UJS2
Correspondence found for: Q8K250
Correspondence found for: Q99NI3
Correspondence found for: O54950
Correspondence found for: Q9CQJ0
Correspondence found for: Q7TMP7
Correspondence found for: Q8CG96
Correspondence found for: Q4V782
Correspondence found for: Q8R4U3
Correspondence found for: Q80XI4
Correspondence found for: Q3UX54
Correspondence found for: Q8C1Q1
Correspondence found for: Q9D0M1
Correspondence found for: P11477
Correspondence found for: Q504N2
Correspondence found for: B2M1R7
Correspondence found for: Q9QZ05
Correspondence found for: B9EK90
Correspondence found for: Q6NZL8
Correspondence found for: Q9JIH0
Correspondence found for: Q8C3Z6
Correspondence found for: P48545
Correspondence found for: B1ASX3
Correspondence found for: B9EI87
Correspondence found for: Q9D5U0
Correspondence found for: Q7TNF1
Correspondence found for: B2RQ40
Correspondence found for: Q05C55
Correspondence found for: Q8VI94
Correspondence found for: Q8BFU2
Correspondence found for: Q60820
Correspondence found for: Q9ES36
Correspondence found for: Q91V58
Correspondence found for: Q80YV5
Correspondence found for: Q8R383
Correspondence found for: Q9ESB6
Correspondence found for: P41136
Correspondence found for: A7MCW2
Correspondence found for: Q9R0M8
Correspondence found for: Q9Z257
Correspondence found for: Q99LV9
Correspondence found for: Q9JJW9
Correspondence found for: Q3V3R4
Correspondence found for: Q3UQW9
Correspondence found for: Q6ZPT5
Correspondence found for: P70170
Correspondence found for: Q78PA4
Correspondence found for: Q9JJJ1
Correspondence found for: Q8C7F6
Correspondence found for: Q8C1B2
Correspondence found for: Q8BV00
Correspondence found for: Q9QX97
Correspondence found for: Q99LK4
Correspondence found for: Q8CEW6
Correspondence found for: Q811D2
Correspondence found for: Q9D408
Correspondence found for: Q545E6
Correspondence found for: A2AMI4
Correspondence found for: P08032
